[2018-09-03 13:30:42.423] [sharedprocess] [info] main {"machineId":"9ee6bd47babe485ea2739d0882ecb6dcb32bfefee27340675be423eba8b22af2"}
[2018-09-03 13:30:42.462] [sharedprocess] [info] Scanned user extensions: 5
[2018-09-03 13:30:42.483] [sharedprocess] [info] Scanned user extensions: 5
[2018-09-03 13:30:42.486] [sharedprocess] [info] Scanned user extensions: 5
[2018-09-03 13:30:42.590] [sharedprocess] [info] Deleted from disk alexcvzz.vscode-sqlite-0.2.3
[2018-09-03 13:30:42.595] [sharedprocess] [info] Scanned system extensions: 71
[2018-09-03 13:30:42.595] [sharedprocess] [info] Deleted from disk felixfbecker.php-intellisense-2.3.4
[2018-09-03 13:30:42.598] [sharedprocess] [info] Scanned system extensions: 71
[2018-09-03 13:30:43.160] [sharedprocess] [info] Scanned user extensions: 5
[2018-09-03 13:30:43.164] [sharedprocess] [info] Scanned user extensions: 5
[2018-09-03 13:31:22.427] [sharedprocess] [info] Starting to clean up unused language packs.
[2018-09-03 13:31:35.309] [sharedprocess] [info] Scanned user extensions: 5
[2018-09-03 13:31:35.320] [sharedprocess] [info] Scanned user extensions: 5
[2018-09-03 13:31:35.323] [sharedprocess] [info] Scanned user extensions: 5
[2018-09-03 13:31:35.352] [sharedprocess] [info] Scanned user extensions: 5
[2018-09-03 13:31:35.412] [sharedprocess] [info] Scanned system extensions: 71
[2018-09-03 13:31:35.417] [sharedprocess] [info] Scanned system extensions: 71
[2018-09-03 13:31:35.424] [sharedprocess] [info] Scanned system extensions: 71
[2018-09-03 13:31:46.290] [sharedprocess] [info] Installing extension: vsliveshare
[2018-09-03 13:31:46.296] [sharedprocess] [info] Scanned user extensions: 5
[2018-09-03 13:31:52.435] [sharedprocess] [info] Scanned user extensions: 5
[2018-09-03 13:31:52.441] [sharedprocess] [info] Scanned user extensions: 5
[2018-09-03 13:31:52.454] [sharedprocess] [info] Scanned user extensions: 5
[2018-09-03 13:31:52.540] [sharedprocess] [info] Scanned system extensions: 71
[2018-09-03 13:31:52.543] [sharedprocess] [info] Scanned system extensions: 71
[2018-09-03 13:31:52.550] [sharedprocess] [info] Scanned system extensions: 71
[2018-09-03 13:31:58.866] [sharedprocess] [info] Downloaded extension: vsliveshare /tmp/16862a96-ea89-4bed-8df1-f5177df25831
[2018-09-03 13:32:00.415] [sharedprocess] [info] Installing extension: gitlens
[2018-09-03 13:32:00.426] [sharedprocess] [info] Scanned user extensions: 5
[2018-09-03 13:32:02.438] [sharedprocess] [info] Downloaded extension: gitlens /tmp/ebb9d41b-f22d-4776-aeea-12462281178e
[2018-09-03 13:32:03.849] [sharedprocess] [info] Extracted extension to /home/ziv0s/.vscode/extensions/.eamodio.gitlens-8.5.6: eamodio.gitlens-8.5.6
[2018-09-03 13:32:03.850] [sharedprocess] [info] Renamed to /home/ziv0s/.vscode/extensions/eamodio.gitlens-8.5.6
[2018-09-03 13:32:03.850] [sharedprocess] [info] Installation completed. eamodio.gitlens-8.5.6
[2018-09-03 13:32:03.866] [sharedprocess] [info] Extensions installed successfully: eamodio.gitlens
[2018-09-03 13:32:04.019] [sharedprocess] [info] Scanned user extensions: 6
[2018-09-03 13:32:04.039] [sharedprocess] [info] Scanned system extensions: 71
[2018-09-03 13:32:04.220] [sharedprocess] [info] Extracted extension to /home/ziv0s/.vscode/extensions/.ms-vsliveshare.vsliveshare-0.3.623: ms-vsliveshare.vsliveshare-0.3.623
[2018-09-03 13:32:04.220] [sharedprocess] [info] Renamed to /home/ziv0s/.vscode/extensions/ms-vsliveshare.vsliveshare-0.3.623
[2018-09-03 13:32:04.220] [sharedprocess] [info] Installation completed. ms-vsliveshare.vsliveshare-0.3.623
[2018-09-03 13:32:04.240] [sharedprocess] [info] Extensions installed successfully: ms-vsliveshare.vsliveshare
[2018-09-03 13:32:04.381] [sharedprocess] [info] Scanned user extensions: 7
[2018-09-03 13:32:04.406] [sharedprocess] [info] Scanned system extensions: 71
[2018-09-03 13:32:07.015] [sharedprocess] [info] Scanned user extensions: 7
[2018-09-03 13:32:07.026] [sharedprocess] [info] Scanned user extensions: 7
[2018-09-03 13:32:07.035] [sharedprocess] [info] Scanned user extensions: 7
[2018-09-03 13:32:07.056] [sharedprocess] [info] Scanned user extensions: 7
[2018-09-03 13:32:07.062] [sharedprocess] [info] Scanned user extensions: 7
[2018-09-03 13:32:07.085] [sharedprocess] [info] Scanned user extensions: 7
[2018-09-03 13:32:07.144] [sharedprocess] [info] Scanned system extensions: 71
[2018-09-03 13:32:07.151] [sharedprocess] [info] Scanned system extensions: 71
[2018-09-03 13:32:07.159] [sharedprocess] [info] Scanned system extensions: 71
[2018-09-03 13:32:07.167] [sharedprocess] [info] Scanned system extensions: 71
[2018-09-03 13:32:10.269] [sharedprocess] [info] Scanned user extensions: 7
[2018-09-03 13:32:10.283] [sharedprocess] [info] Scanned user extensions: 7
[2018-09-03 13:37:10.383] [sharedprocess] [info] Scanned user extensions: 7
[2018-09-03 13:42:10.432] [sharedprocess] [info] Scanned user extensions: 7
[2018-09-03 13:47:10.468] [sharedprocess] [info] Scanned user extensions: 7
[2018-09-03 13:52:10.526] [sharedprocess] [info] Scanned user extensions: 7
[2018-09-03 13:57:10.558] [sharedprocess] [info] Scanned user extensions: 7
[2018-09-03 14:02:10.582] [sharedprocess] [info] Scanned user extensions: 7
[2018-09-03 14:07:10.636] [sharedprocess] [info] Scanned user extensions: 7
[2018-09-03 14:12:10.687] [sharedprocess] [info] Scanned user extensions: 7
[2018-09-03 14:17:10.722] [sharedprocess] [info] Scanned user extensions: 7
[2018-09-03 14:22:10.750] [sharedprocess] [info] Scanned user extensions: 7
[2018-09-03 14:27:10.784] [sharedprocess] [info] Scanned user extensions: 7
[2018-09-03 14:32:11.212] [sharedprocess] [info] Scanned user extensions: 7
[2018-09-03 14:37:11.267] [sharedprocess] [info] Scanned user extensions: 7
[2018-09-03 14:42:11.307] [sharedprocess] [info] Scanned user extensions: 7
[2018-09-03 14:47:11.344] [sharedprocess] [info] Scanned user extensions: 7
[2018-09-03 14:52:11.383] [sharedprocess] [info] Scanned user extensions: 7
[2018-09-03 14:57:11.419] [sharedprocess] [info] Scanned user extensions: 7
[2018-09-03 15:02:11.477] [sharedprocess] [info] Scanned user extensions: 7
[2018-09-03 15:07:11.537] [sharedprocess] [info] Scanned user extensions: 7
[2018-09-03 15:12:11.575] [sharedprocess] [info] Scanned user extensions: 7
[2018-09-03 15:17:11.617] [sharedprocess] [info] Scanned user extensions: 7
[2018-09-03 15:22:11.664] [sharedprocess] [info] Scanned user extensions: 7
[2018-09-03 15:27:11.721] [sharedprocess] [info] Scanned user extensions: 7
[2018-09-03 15:32:12.289] [sharedprocess] [info] Scanned user extensions: 7
[2018-09-03 15:37:12.319] [sharedprocess] [info] Scanned user extensions: 7
[2018-09-03 15:42:12.371] [sharedprocess] [info] Scanned user extensions: 7
[2018-09-03 15:47:12.436] [sharedprocess] [info] Scanned user extensions: 7
[2018-09-03 15:52:12.488] [sharedprocess] [info] Scanned user extensions: 7
[2018-09-03 15:57:12.545] [sharedprocess] [info] Scanned user extensions: 7
[2018-09-03 16:02:12.601] [sharedprocess] [info] Scanned user extensions: 7
[2018-09-03 16:07:12.654] [sharedprocess] [info] Scanned user extensions: 7
[2018-09-03 16:12:12.706] [sharedprocess] [info] Scanned user extensions: 7
[2018-09-03 16:17:12.767] [sharedprocess] [info] Scanned user extensions: 7
[2018-09-03 16:22:12.834] [sharedprocess] [info] Scanned user extensions: 7
[2018-09-03 16:27:12.887] [sharedprocess] [info] Scanned user extensions: 7
[2018-09-03 16:32:13.304] [sharedprocess] [info] Scanned user extensions: 7
[2018-09-03 16:37:13.356] [sharedprocess] [info] Scanned user extensions: 7
[2018-09-03 16:42:13.411] [sharedprocess] [info] Scanned user extensions: 7
[2018-09-03 16:47:13.466] [sharedprocess] [info] Scanned user extensions: 7
[2018-09-03 16:52:13.499] [sharedprocess] [info] Scanned user extensions: 7
[2018-09-03 16:57:13.527] [sharedprocess] [info] Scanned user extensions: 7
[2018-09-03 17:02:13.581] [sharedprocess] [info] Scanned user extensions: 7
[2018-09-03 17:07:13.631] [sharedprocess] [info] Scanned user extensions: 7
[2018-09-03 17:12:13.691] [sharedprocess] [info] Scanned user extensions: 7
[2018-09-03 17:17:13.748] [sharedprocess] [info] Scanned user extensions: 7
[2018-09-03 17:22:13.809] [sharedprocess] [info] Scanned user extensions: 7
[2018-09-03 17:27:13.864] [sharedprocess] [info] Scanned user extensions: 7
[2018-09-03 17:32:14.423] [sharedprocess] [info] Scanned user extensions: 7
[2018-09-03 17:37:14.477] [sharedprocess] [info] Scanned user extensions: 7
[2018-09-03 17:42:14.529] [sharedprocess] [info] Scanned user extensions: 7
[2018-09-03 17:47:14.585] [sharedprocess] [info] Scanned user extensions: 7
[2018-09-03 17:52:14.647] [sharedprocess] [info] Scanned user extensions: 7
[2018-09-03 17:57:14.683] [sharedprocess] [info] Scanned user extensions: 7
[2018-09-03 18:02:14.742] [sharedprocess] [info] Scanned user extensions: 7
[2018-09-03 18:07:14.796] [sharedprocess] [info] Scanned user extensions: 7
[2018-09-03 18:12:14.829] [sharedprocess] [info] Scanned user extensions: 7
[2018-09-03 18:17:14.880] [sharedprocess] [info] Scanned user extensions: 7
[2018-09-03 18:22:14.909] [sharedprocess] [info] Scanned user extensions: 7
[2018-09-03 18:27:14.950] [sharedprocess] [info] Scanned user extensions: 7
[2018-09-03 18:32:15.365] [sharedprocess] [info] Scanned user extensions: 7
[2018-09-03 18:37:15.422] [sharedprocess] [info] Scanned user extensions: 7
[2018-09-03 18:42:15.455] [sharedprocess] [info] Scanned user extensions: 7
[2018-09-03 18:47:15.508] [sharedprocess] [info] Scanned user extensions: 7
[2018-09-03 18:52:15.542] [sharedprocess] [info] Scanned user extensions: 7
[2018-09-03 18:57:15.575] [sharedprocess] [info] Scanned user extensions: 7
[2018-09-03 19:02:15.633] [sharedprocess] [info] Scanned user extensions: 7
[2018-09-03 19:07:15.692] [sharedprocess] [info] Scanned user extensions: 7
[2018-09-03 19:12:15.752] [sharedprocess] [info] Scanned user extensions: 7
[2018-09-04 17:01:48.441] [sharedprocess] [info] Scanned user extensions: 7
[2018-09-04 17:06:48.510] [sharedprocess] [info] Scanned user extensions: 7
[2018-09-04 17:11:48.592] [sharedprocess] [info] Scanned user extensions: 7
[2018-09-04 17:16:48.656] [sharedprocess] [info] Scanned user extensions: 7
[2018-09-04 17:21:48.724] [sharedprocess] [info] Scanned user extensions: 7
[2018-09-04 17:26:48.771] [sharedprocess] [info] Scanned user extensions: 7
